Analysis & Elaboration report for TUGASUASDSD
Tue Dec 15 14:25:53 2020
Quartus Prime Version 20.1.0 Build 711 06/05/2020 SJ Lite Edition


---------------------
; Table of Contents ;
---------------------
  1. Legal Notice
  2. Analysis & Elaboration Summary
  3. Parallel Compilation
  4. Parameter Settings for User Entity Instance: alu:ALU1
  5. Parameter Settings for User Entity Instance: controller:CONTROLLER1
  6. Analysis & Elaboration Settings
  7. Analysis & Elaboration Messages



----------------
; Legal Notice ;
----------------
Copyright (C) 2020  Intel Corporation. All rights reserved.
Your use of Intel Corporation's design tools, logic functions 
and other software and tools, and any partner logic 
functions, and any output files from any of the foregoing 
(including device programming or simulation files), and any 
associated documentation or information are expressly subject 
to the terms and conditions of the Intel Program License 
Subscription Agreement, the Intel Quartus Prime License Agreement,
the Intel FPGA IP License Agreement, or other applicable license
agreement, including, without limitation, that your use is for
the sole purpose of programming logic devices manufactured by
Intel and sold by Intel or its authorized distributors.  Please
refer to the applicable agreement for further details, at
https://fpgasoftware.intel.com/eula.



+-----------------------------------------------------------------------------+
; Analysis & Elaboration Summary                                              ;
+-------------------------------+---------------------------------------------+
; Analysis & Elaboration Status ; Successful - Tue Dec 15 14:25:53 2020       ;
; Quartus Prime Version         ; 20.1.0 Build 711 06/05/2020 SJ Lite Edition ;
; Revision Name                 ; TUGASUASDSD                                 ;
; Top-level Entity Name         ; core                                        ;
; Family                        ; Cyclone V                                   ;
; Logic utilization (in ALMs)   ; N/A until Partition Merge                   ;
; Total registers               ; N/A until Partition Merge                   ;
; Total pins                    ; N/A until Partition Merge                   ;
; Total virtual pins            ; N/A until Partition Merge                   ;
; Total block memory bits       ; N/A until Partition Merge                   ;
; Total PLLs                    ; N/A until Partition Merge                   ;
; Total DLLs                    ; N/A until Partition Merge                   ;
+-------------------------------+---------------------------------------------+


+------------------------------------------+
; Parallel Compilation                     ;
+----------------------------+-------------+
; Processors                 ; Number      ;
+----------------------------+-------------+
; Number detected on machine ; 8           ;
; Maximum allowed            ; 8           ;
;                            ;             ;
; Average used               ; 1.00        ;
; Maximum used               ; 1           ;
;                            ;             ;
; Usage by Processor         ; % Time Used ;
;     Processor 1            ; 100.0%      ;
+----------------------------+-------------+


+-------------------------------------------------------+
; Parameter Settings for User Entity Instance: alu:ALU1 ;
+----------------+-------+------------------------------+
; Parameter Name ; Value ; Type                         ;
+----------------+-------+------------------------------+
; NOP            ; 0000  ; Unsigned Binary              ;
; LDO            ; 0001  ; Unsigned Binary              ;
; LDA            ; 0010  ; Unsigned Binary              ;
; STO            ; 0011  ; Unsigned Binary              ;
; PRE            ; 0100  ; Unsigned Binary              ;
; JMP            ; 0101  ; Unsigned Binary              ;
; ADD            ; 0110  ; Unsigned Binary              ;
; SUB            ; 0111  ; Unsigned Binary              ;
; LAND           ; 1000  ; Unsigned Binary              ;
; LOR            ; 1001  ; Unsigned Binary              ;
; LNOT           ; 1010  ; Unsigned Binary              ;
; INC            ; 1011  ; Unsigned Binary              ;
; ACL            ; 1100  ; Unsigned Binary              ;
; RET            ; 1101  ; Unsigned Binary              ;
; LDM            ; 1110  ; Unsigned Binary              ;
; HLT            ; 1111  ; Unsigned Binary              ;
+----------------+-------+------------------------------+
Note: In order to hide this table in the UI and the text report file, please set the "Show Parameter Settings in Synthesis Report" option in "Analysis and Synthesis Settings -> More Settings" to "Off".


+---------------------------------------------------------------------+
; Parameter Settings for User Entity Instance: controller:CONTROLLER1 ;
+----------------+-------+--------------------------------------------+
; Parameter Name ; Value ; Type                                       ;
+----------------+-------+--------------------------------------------+
; NOP            ; 0000  ; Unsigned Binary                            ;
; LDO            ; 0001  ; Unsigned Binary                            ;
; LDA            ; 0010  ; Unsigned Binary                            ;
; STO            ; 0011  ; Unsigned Binary                            ;
; PRE            ; 0100  ; Unsigned Binary                            ;
; JMP            ; 0101  ; Unsigned Binary                            ;
; ADD            ; 0110  ; Unsigned Binary                            ;
; SUB            ; 0111  ; Unsigned Binary                            ;
; LAND           ; 1000  ; Unsigned Binary                            ;
; LOR            ; 1001  ; Unsigned Binary                            ;
; LNOT           ; 1010  ; Unsigned Binary                            ;
; INC            ; 1011  ; Unsigned Binary                            ;
; ACL            ; 1100  ; Unsigned Binary                            ;
; RET            ; 1101  ; Unsigned Binary                            ;
; LDM            ; 1110  ; Unsigned Binary                            ;
; HLT            ; 1111  ; Unsigned Binary                            ;
; Sidle          ; 1111  ; Unsigned Binary                            ;
; S0             ; 0000  ; Unsigned Binary                            ;
; S1             ; 0001  ; Unsigned Binary                            ;
; S2             ; 0010  ; Unsigned Binary                            ;
; S3             ; 0011  ; Unsigned Binary                            ;
; S4             ; 0100  ; Unsigned Binary                            ;
; S5             ; 0101  ; Unsigned Binary                            ;
; S6             ; 0110  ; Unsigned Binary                            ;
; S7             ; 0111  ; Unsigned Binary                            ;
; S8             ; 1000  ; Unsigned Binary                            ;
; S9             ; 1001  ; Unsigned Binary                            ;
; S10            ; 1010  ; Unsigned Binary                            ;
; S11            ; 1011  ; Unsigned Binary                            ;
+----------------+-------+--------------------------------------------+
Note: In order to hide this table in the UI and the text report file, please set the "Show Parameter Settings in Synthesis Report" option in "Analysis and Synthesis Settings -> More Settings" to "Off".


+---------------------------------------------------------------------------------------------------------------------------+
; Analysis & Elaboration Settings                                                                                           ;
+---------------------------------------------------------------------------------+--------------------+--------------------+
; Option                                                                          ; Setting            ; Default Value      ;
+---------------------------------------------------------------------------------+--------------------+--------------------+
; Device                                                                          ; 5CGXFC7C7F23C8     ;                    ;
; Top-level entity name                                                           ; core               ; TUGASUASDSD        ;
; Family name                                                                     ; Cyclone V          ; Cyclone V          ;
; Use smart compilation                                                           ; Off                ; Off                ;
; Enable parallel Assembler and Timing Analyzer during compilation                ; On                 ; On                 ;
; Enable compact report table                                                     ; Off                ; Off                ;
; Restructure Multiplexers                                                        ; Auto               ; Auto               ;
; MLAB Add Timing Constraints For Mixed-Port Feed-Through Mode Setting Don't Care ; Off                ; Off                ;
; Create Debugging Nodes for IP Cores                                             ; Off                ; Off                ;
; Preserve fewer node names                                                       ; On                 ; On                 ;
; Intel FPGA IP Evaluation Mode                                                   ; Enable             ; Enable             ;
; Verilog Version                                                                 ; Verilog_2001       ; Verilog_2001       ;
; VHDL Version                                                                    ; VHDL_1993          ; VHDL_1993          ;
; State Machine Processing                                                        ; Auto               ; Auto               ;
; Safe State Machine                                                              ; Off                ; Off                ;
; Extract Verilog State Machines                                                  ; On                 ; On                 ;
; Extract VHDL State Machines                                                     ; On                 ; On                 ;
; Ignore Verilog initial constructs                                               ; Off                ; Off                ;
; Iteration limit for constant Verilog loops                                      ; 5000               ; 5000               ;
; Iteration limit for non-constant Verilog loops                                  ; 250                ; 250                ;
; Add Pass-Through Logic to Inferred RAMs                                         ; On                 ; On                 ;
; Infer RAMs from Raw Logic                                                       ; On                 ; On                 ;
; Parallel Synthesis                                                              ; On                 ; On                 ;
; DSP Block Balancing                                                             ; Auto               ; Auto               ;
; NOT Gate Push-Back                                                              ; On                 ; On                 ;
; Power-Up Don't Care                                                             ; On                 ; On                 ;
; Remove Redundant Logic Cells                                                    ; Off                ; Off                ;
; Remove Duplicate Registers                                                      ; On                 ; On                 ;
; Ignore CARRY Buffers                                                            ; Off                ; Off                ;
; Ignore CASCADE Buffers                                                          ; Off                ; Off                ;
; Ignore GLOBAL Buffers                                                           ; Off                ; Off                ;
; Ignore ROW GLOBAL Buffers                                                       ; Off                ; Off                ;
; Ignore LCELL Buffers                                                            ; Off                ; Off                ;
; Ignore SOFT Buffers                                                             ; On                 ; On                 ;
; Limit AHDL Integers to 32 Bits                                                  ; Off                ; Off                ;
; Optimization Technique                                                          ; Balanced           ; Balanced           ;
; Carry Chain Length                                                              ; 70                 ; 70                 ;
; Auto Carry Chains                                                               ; On                 ; On                 ;
; Auto Open-Drain Pins                                                            ; On                 ; On                 ;
; Perform WYSIWYG Primitive Resynthesis                                           ; Off                ; Off                ;
; Auto ROM Replacement                                                            ; On                 ; On                 ;
; Auto RAM Replacement                                                            ; On                 ; On                 ;
; Auto DSP Block Replacement                                                      ; On                 ; On                 ;
; Auto Shift Register Replacement                                                 ; Auto               ; Auto               ;
; Allow Shift Register Merging across Hierarchies                                 ; Auto               ; Auto               ;
; Auto Clock Enable Replacement                                                   ; On                 ; On                 ;
; Strict RAM Replacement                                                          ; Off                ; Off                ;
; Allow Synchronous Control Signals                                               ; On                 ; On                 ;
; Force Use of Synchronous Clear Signals                                          ; Off                ; Off                ;
; Auto Resource Sharing                                                           ; Off                ; Off                ;
; Allow Any RAM Size For Recognition                                              ; Off                ; Off                ;
; Allow Any ROM Size For Recognition                                              ; Off                ; Off                ;
; Allow Any Shift Register Size For Recognition                                   ; Off                ; Off                ;
; Use LogicLock Constraints during Resource Balancing                             ; On                 ; On                 ;
; Ignore translate_off and synthesis_off directives                               ; Off                ; Off                ;
; Timing-Driven Synthesis                                                         ; On                 ; On                 ;
; Report Parameter Settings                                                       ; On                 ; On                 ;
; Report Source Assignments                                                       ; On                 ; On                 ;
; Report Connectivity Checks                                                      ; On                 ; On                 ;
; Ignore Maximum Fan-Out Assignments                                              ; Off                ; Off                ;
; Synchronization Register Chain Length                                           ; 3                  ; 3                  ;
; Power Optimization During Synthesis                                             ; Normal compilation ; Normal compilation ;
; HDL message level                                                               ; Level2             ; Level2             ;
; Suppress Register Optimization Related Messages                                 ; Off                ; Off                ;
; Number of Removed Registers Reported in Synthesis Report                        ; 5000               ; 5000               ;
; Number of Swept Nodes Reported in Synthesis Report                              ; 5000               ; 5000               ;
; Number of Inverted Registers Reported in Synthesis Report                       ; 100                ; 100                ;
; Clock MUX Protection                                                            ; On                 ; On                 ;
; Auto Gated Clock Conversion                                                     ; Off                ; Off                ;
; Block Design Naming                                                             ; Auto               ; Auto               ;
; SDC constraint protection                                                       ; Off                ; Off                ;
; Synthesis Effort                                                                ; Auto               ; Auto               ;
; Shift Register Replacement - Allow Asynchronous Clear Signal                    ; On                 ; On                 ;
; Pre-Mapping Resynthesis Optimization                                            ; Off                ; Off                ;
; Analysis & Synthesis Message Level                                              ; Medium             ; Medium             ;
; Disable Register Merging Across Hierarchies                                     ; Auto               ; Auto               ;
; Resource Aware Inference For Block RAM                                          ; On                 ; On                 ;
; Automatic Parallel Synthesis                                                    ; On                 ; On                 ;
; Partial Reconfiguration Bitstream ID                                            ; Off                ; Off                ;
+---------------------------------------------------------------------------------+--------------------+--------------------+


+---------------------------------+
; Analysis & Elaboration Messages ;
+---------------------------------+
Info: *******************************************************************
Info: Running Quartus Prime Analysis & Elaboration
    Info: Version 20.1.0 Build 711 06/05/2020 SJ Lite Edition
    Info: Processing started: Tue Dec 15 14:25:41 2020
Info: Command: quartus_map --read_settings_files=on --write_settings_files=off TUGASUASDSD -c TUGASUASDSD --analysis_and_elaboration
Warning (18236): Number of processors has not been specified which may cause overloading on shared machines.  Set the global assignment NUM_PARALLEL_PROCESSORS in your QSF to an appropriate value for best performance.
Info (20030): Parallel compilation is enabled and will use 8 of the 8 processors detected
Info (12021): Found 1 design units, including 1 entities, in source file rom.v
    Info (12023): Found entity 1: rom File: C:/Users/jovan/Documents/Quartus/Tugas UAS DSD/rom.v Line: 4
Info (12021): Found 1 design units, including 1 entities, in source file reg_32.v
    Info (12023): Found entity 1: reg_32 File: C:/Users/jovan/Documents/Quartus/Tugas UAS DSD/reg_32.v Line: 3
Info (12021): Found 1 design units, including 1 entities, in source file ram.v
    Info (12023): Found entity 1: ram File: C:/Users/jovan/Documents/Quartus/Tugas UAS DSD/ram.v Line: 3
Info (12021): Found 1 design units, including 1 entities, in source file machine.v
    Info (12023): Found entity 1: machine File: C:/Users/jovan/Documents/Quartus/Tugas UAS DSD/machine.v Line: 3
Info (12021): Found 1 design units, including 1 entities, in source file ins_reg.v
    Info (12023): Found entity 1: ins_reg File: C:/Users/jovan/Documents/Quartus/Tugas UAS DSD/ins_reg.v Line: 3
Info (12021): Found 1 design units, including 1 entities, in source file counter.v
    Info (12023): Found entity 1: counter File: C:/Users/jovan/Documents/Quartus/Tugas UAS DSD/counter.v Line: 3
Info (12021): Found 1 design units, including 1 entities, in source file core_tb_00.v
    Info (12023): Found entity 1: core_tb_00 File: C:/Users/jovan/Documents/Quartus/Tugas UAS DSD/core_tb_00.v Line: 2
Info (12021): Found 1 design units, including 1 entities, in source file core.v
    Info (12023): Found entity 1: core File: C:/Users/jovan/Documents/Quartus/Tugas UAS DSD/core.v Line: 1
Info (12021): Found 1 design units, including 1 entities, in source file controller.v
    Info (12023): Found entity 1: controller File: C:/Users/jovan/Documents/Quartus/Tugas UAS DSD/controller.v Line: 1
Info (12021): Found 1 design units, including 1 entities, in source file alu.v
    Info (12023): Found entity 1: alu File: C:/Users/jovan/Documents/Quartus/Tugas UAS DSD/alu.v Line: 3
Info (12021): Found 1 design units, including 1 entities, in source file addr_mux.v
    Info (12023): Found entity 1: addr_mux File: C:/Users/jovan/Documents/Quartus/Tugas UAS DSD/addr_mux.v Line: 3
Info (12021): Found 1 design units, including 1 entities, in source file accum.v
    Info (12023): Found entity 1: accum File: C:/Users/jovan/Documents/Quartus/Tugas UAS DSD/accum.v Line: 3
Info (12127): Elaborating entity "core" for the top level hierarchy
Info (12128): Elaborating entity "ram" for hierarchy "ram:RAM1" File: C:/Users/jovan/Documents/Quartus/Tugas UAS DSD/core.v Line: 15
Info (12128): Elaborating entity "rom" for hierarchy "rom:ROM1" File: C:/Users/jovan/Documents/Quartus/Tugas UAS DSD/core.v Line: 17
Warning (10030): Net "memory.data_a" at rom.v(9) has no driver or initial value, using a default initial value '0' File: C:/Users/jovan/Documents/Quartus/Tugas UAS DSD/rom.v Line: 9
Warning (10030): Net "memory.waddr_a" at rom.v(9) has no driver or initial value, using a default initial value '0' File: C:/Users/jovan/Documents/Quartus/Tugas UAS DSD/rom.v Line: 9
Warning (10030): Net "memory.we_a" at rom.v(9) has no driver or initial value, using a default initial value '0' File: C:/Users/jovan/Documents/Quartus/Tugas UAS DSD/rom.v Line: 9
Info (12128): Elaborating entity "addr_mux" for hierarchy "addr_mux:MUX1" File: C:/Users/jovan/Documents/Quartus/Tugas UAS DSD/core.v Line: 19
Info (12128): Elaborating entity "counter" for hierarchy "counter:PC1" File: C:/Users/jovan/Documents/Quartus/Tugas UAS DSD/core.v Line: 21
Warning (10230): Verilog HDL assignment warning at counter.v(17): truncated value with size 32 to match size of target (8) File: C:/Users/jovan/Documents/Quartus/Tugas UAS DSD/counter.v Line: 17
Warning (10230): Verilog HDL assignment warning at counter.v(20): truncated value with size 32 to match size of target (8) File: C:/Users/jovan/Documents/Quartus/Tugas UAS DSD/counter.v Line: 20
Warning (10230): Verilog HDL assignment warning at counter.v(21): truncated value with size 32 to match size of target (8) File: C:/Users/jovan/Documents/Quartus/Tugas UAS DSD/counter.v Line: 21
Warning (10230): Verilog HDL assignment warning at counter.v(27): truncated value with size 32 to match size of target (8) File: C:/Users/jovan/Documents/Quartus/Tugas UAS DSD/counter.v Line: 27
Info (12128): Elaborating entity "accum" for hierarchy "accum:ACCUM1" File: C:/Users/jovan/Documents/Quartus/Tugas UAS DSD/core.v Line: 23
Info (12128): Elaborating entity "alu" for hierarchy "alu:ALU1" File: C:/Users/jovan/Documents/Quartus/Tugas UAS DSD/core.v Line: 25
Info (12128): Elaborating entity "reg_32" for hierarchy "reg_32:REG1" File: C:/Users/jovan/Documents/Quartus/Tugas UAS DSD/core.v Line: 27
Info (12128): Elaborating entity "ins_reg" for hierarchy "ins_reg:IR1" File: C:/Users/jovan/Documents/Quartus/Tugas UAS DSD/core.v Line: 30
Info (12128): Elaborating entity "controller" for hierarchy "controller:CONTROLLER1" File: C:/Users/jovan/Documents/Quartus/Tugas UAS DSD/core.v Line: 50
Warning (10240): Verilog HDL Always Construct warning at controller.v(104): inferring latch(es) for variable "write_r", which holds its previous value in one or more paths through the always construct File: C:/Users/jovan/Documents/Quartus/Tugas UAS DSD/controller.v Line: 104
Warning (10240): Verilog HDL Always Construct warning at controller.v(104): inferring latch(es) for variable "read_r", which holds its previous value in one or more paths through the always construct File: C:/Users/jovan/Documents/Quartus/Tugas UAS DSD/controller.v Line: 104
Warning (10240): Verilog HDL Always Construct warning at controller.v(104): inferring latch(es) for variable "PC_en", which holds its previous value in one or more paths through the always construct File: C:/Users/jovan/Documents/Quartus/Tugas UAS DSD/controller.v Line: 104
Warning (10240): Verilog HDL Always Construct warning at controller.v(104): inferring latch(es) for variable "ac_ena", which holds its previous value in one or more paths through the always construct File: C:/Users/jovan/Documents/Quartus/Tugas UAS DSD/controller.v Line: 104
Warning (10240): Verilog HDL Always Construct warning at controller.v(104): inferring latch(es) for variable "ram_ena", which holds its previous value in one or more paths through the always construct File: C:/Users/jovan/Documents/Quartus/Tugas UAS DSD/controller.v Line: 104
Warning (10240): Verilog HDL Always Construct warning at controller.v(104): inferring latch(es) for variable "rom_ena", which holds its previous value in one or more paths through the always construct File: C:/Users/jovan/Documents/Quartus/Tugas UAS DSD/controller.v Line: 104
Warning (10240): Verilog HDL Always Construct warning at controller.v(104): inferring latch(es) for variable "ram_write", which holds its previous value in one or more paths through the always construct File: C:/Users/jovan/Documents/Quartus/Tugas UAS DSD/controller.v Line: 104
Warning (10240): Verilog HDL Always Construct warning at controller.v(104): inferring latch(es) for variable "ram_read", which holds its previous value in one or more paths through the always construct File: C:/Users/jovan/Documents/Quartus/Tugas UAS DSD/controller.v Line: 104
Warning (10240): Verilog HDL Always Construct warning at controller.v(104): inferring latch(es) for variable "rom_read", which holds its previous value in one or more paths through the always construct File: C:/Users/jovan/Documents/Quartus/Tugas UAS DSD/controller.v Line: 104
Warning (10240): Verilog HDL Always Construct warning at controller.v(104): inferring latch(es) for variable "ad_sel", which holds its previous value in one or more paths through the always construct File: C:/Users/jovan/Documents/Quartus/Tugas UAS DSD/controller.v Line: 104
Warning (10240): Verilog HDL Always Construct warning at controller.v(104): inferring latch(es) for variable "fetch", which holds its previous value in one or more paths through the always construct File: C:/Users/jovan/Documents/Quartus/Tugas UAS DSD/controller.v Line: 104
Warning (10240): Verilog HDL Always Construct warning at controller.v(104): inferring latch(es) for variable "PC_wr", which holds its previous value in one or more paths through the always construct File: C:/Users/jovan/Documents/Quartus/Tugas UAS DSD/controller.v Line: 104
Warning (10240): Verilog HDL Always Construct warning at controller.v(104): inferring latch(es) for variable "acall", which holds its previous value in one or more paths through the always construct File: C:/Users/jovan/Documents/Quartus/Tugas UAS DSD/controller.v Line: 104
Info (10041): Inferred latch for "acall" at controller.v(104) File: C:/Users/jovan/Documents/Quartus/Tugas UAS DSD/controller.v Line: 104
Info (10041): Inferred latch for "PC_wr" at controller.v(104) File: C:/Users/jovan/Documents/Quartus/Tugas UAS DSD/controller.v Line: 104
Info (10041): Inferred latch for "fetch[0]" at controller.v(104) File: C:/Users/jovan/Documents/Quartus/Tugas UAS DSD/controller.v Line: 104
Info (10041): Inferred latch for "fetch[1]" at controller.v(104) File: C:/Users/jovan/Documents/Quartus/Tugas UAS DSD/controller.v Line: 104
Info (10041): Inferred latch for "ad_sel" at controller.v(104) File: C:/Users/jovan/Documents/Quartus/Tugas UAS DSD/controller.v Line: 104
Info (10041): Inferred latch for "rom_read" at controller.v(104) File: C:/Users/jovan/Documents/Quartus/Tugas UAS DSD/controller.v Line: 104
Info (10041): Inferred latch for "ram_read" at controller.v(104) File: C:/Users/jovan/Documents/Quartus/Tugas UAS DSD/controller.v Line: 104
Info (10041): Inferred latch for "ram_write" at controller.v(104) File: C:/Users/jovan/Documents/Quartus/Tugas UAS DSD/controller.v Line: 104
Info (10041): Inferred latch for "rom_ena" at controller.v(104) File: C:/Users/jovan/Documents/Quartus/Tugas UAS DSD/controller.v Line: 104
Info (10041): Inferred latch for "ram_ena" at controller.v(104) File: C:/Users/jovan/Documents/Quartus/Tugas UAS DSD/controller.v Line: 104
Info (10041): Inferred latch for "ac_ena" at controller.v(104) File: C:/Users/jovan/Documents/Quartus/Tugas UAS DSD/controller.v Line: 104
Info (10041): Inferred latch for "PC_en" at controller.v(104) File: C:/Users/jovan/Documents/Quartus/Tugas UAS DSD/controller.v Line: 104
Info (10041): Inferred latch for "read_r" at controller.v(104) File: C:/Users/jovan/Documents/Quartus/Tugas UAS DSD/controller.v Line: 104
Info (10041): Inferred latch for "write_r" at controller.v(104) File: C:/Users/jovan/Documents/Quartus/Tugas UAS DSD/controller.v Line: 104
Info: Quartus Prime Analysis & Elaboration was successful. 0 errors, 21 warnings
    Info: Peak virtual memory: 4782 megabytes
    Info: Processing ended: Tue Dec 15 14:25:53 2020
    Info: Elapsed time: 00:00:12
    Info: Total CPU time (on all processors): 00:00:29


